Using pre-set license
Built from '2021.1/staging' branch; Version is '2021.1.23f1 (b50729e604a9) revision 11863849'; Using compiler version '192528614'; Build Type 'Release'
OS: 'Windows 10 Home; OS build 19043.1237; Version 2009; 64bit' Language: 'en' Physical Memory: 16233 MB
BatchMode: 1, IsHumanControllingUs: 0, StartBugReporterOnCrash: 0, Is64bit: 1, IsPro: 0

COMMAND LINE ARGUMENTS:
C:\Program Files\unity1\2021.1.6f1\Editor\2021.1.23f1\Editor\Unity.exe
-adb2
-batchMode
-noUpm
-name
AssetImportWorker0
-projectPath
C:/Users/whyab/OneDrive/Minor Skilled/Final Project/The Harvesting
-logFile
Logs/AssetImportWorker0.log
-srvPort
62903
Successfully changed project path to: C:/Users/whyab/OneDrive/Minor Skilled/Final Project/The Harvesting
C:/Users/whyab/OneDrive/Minor Skilled/Final Project/The Harvesting
Using Asset Import Pipeline V2.
Refreshing native plugins compatible for Editor in 166.91 ms, found 5 plugins.
Preloading 0 native plugins for Editor in 0.00 ms.
Initialize engine version: 2021.1.23f1 (b50729e604a9)
[Subsystems] Discovering subsystems at path C:/Program Files/unity1/2021.1.6f1/Editor/2021.1.23f1/Editor/Data/Resources/UnitySubsystems
[Subsystems] Discovering subsystems at path C:/Users/whyab/OneDrive/Minor Skilled/Final Project/The Harvesting/Assets
GfxDevice: creating device client; threaded=0; jobified=0
Direct3D:
    Version:  Direct3D 11.0 [level 11.1]
    Renderer: NVIDIA GeForce RTX 2060 (ID=0x1f11)
    Vendor:   NVIDIA
    VRAM:     5980 MB
    Driver:   27.21.14.6677
Initialize mono
Mono path[0] = 'C:/Program Files/unity1/2021.1.6f1/Editor/2021.1.23f1/Editor/Data/Managed'
Mono path[1] = 'C:/Program Files/unity1/2021.1.6f1/Editor/2021.1.23f1/Editor/Data/MonoBleedingEdge/lib/mono/unityjit'
Mono config path = 'C:/Program Files/unity1/2021.1.6f1/Editor/2021.1.23f1/Editor/Data/MonoBleedingEdge/etc'
Using monoOptions --debugger-agent=transport=dt_socket,embedding=1,server=y,suspend=n,address=127.0.0.1:56616
Begin MonoManager ReloadAssembly
Registering precompiled unity dll's ...
Register platform support module: C:/Program Files/unity1/2021.1.6f1/Editor/2021.1.23f1/Editor/Data/PlaybackEngines/WebGLSupport/UnityEditor.WebGL.Extensions.dll
Register platform support module: C:/Program Files/unity1/2021.1.6f1/Editor/2021.1.23f1/Editor/Data/PlaybackEngines/MacStandaloneSupport/UnityEditor.OSXStandalone.Extensions.dll
Register platform support module: C:/Program Files/unity1/2021.1.6f1/Editor/2021.1.23f1/Editor/Data/PlaybackEngines/WindowsStandaloneSupport/UnityEditor.WindowsStandalone.Extensions.dll
Register platform support module: C:/Program Files/unity1/2021.1.6f1/Editor/2021.1.23f1/Editor/Data/PlaybackEngines/LinuxStandaloneSupport/UnityEditor.LinuxStandalone.Extensions.dll
Register platform support module: C:/Program Files/unity1/2021.1.6f1/Editor/2021.1.23f1/Editor/Data/PlaybackEngines/LuminSupport/UnityEditor.Lumin.Extensions.dll
Registered in 0.006997 seconds.
Native extension for Lumin target not found
Native extension for LinuxStandalone target not found
Native extension for WindowsStandalone target not found
Native extension for OSXStandalone target not found
Native extension for WebGL target not found
Refreshing native plugins compatible for Editor in 157.13 ms, found 5 plugins.
Preloading 0 native plugins for Editor in 0.00 ms.
Mono: successfully reloaded assembly
- Completed reload, in  2.814 seconds
Domain Reload Profiling:
	ReloadAssembly (2814ms)
		BeginReloadAssembly (80ms)
			ExecutionOrderSort (0ms)
			DisableScriptedObjects (0ms)
			BackupInstance (0ms)
			ReleaseScriptingObjects (0ms)
			CreateAndSetChildDomain (1ms)
		EndReloadAssembly (559ms)
			LoadAssemblies (79ms)
			RebuildTransferFunctionScriptingTraits (0ms)
			SetupTypeCache (173ms)
			ReleaseScriptCaches (0ms)
			RebuildScriptCaches (33ms)
			SetupLoadedEditorAssemblies (298ms)
				LogAssemblyErrors (0ms)
				InitializePlatformSupportModulesInManaged (10ms)
				SetLoadedEditorAssemblies (0ms)
				RefreshPlugins (157ms)
				BeforeProcessingInitializeOnLoad (2ms)
				ProcessInitializeOnLoadAttributes (99ms)
				ProcessInitializeOnLoadMethodAttributes (29ms)
				AfterProcessingInitializeOnLoad (0ms)
				EditorAssembliesLoaded (0ms)
			ExecutionOrderSort2 (0ms)
			AwakeInstancesAfterBackupRestoration (0ms)
Platform modules already initialized, skipping
Registering precompiled user dll's ...
Registered in 0.013350 seconds.
Begin MonoManager ReloadAssembly
Symbol file LoadedFromMemory doesn't match image C:\Users\whyab\OneDrive\Minor Skilled\Final Project\The Harvesting\Library\PackageCache\com.unity.visualscripting@1.6.1\Editor\VisualScripting.Core\Dependencies\DotNetZip\Unity.VisualScripting.IonicZip.dll
Symbol file LoadedFromMemory doesn't match image C:\Users\whyab\OneDrive\Minor Skilled\Final Project\The Harvesting\Library\PackageCache\com.unity.visualscripting@1.6.1\Editor\VisualScripting.Core\Dependencies\YamlDotNet\Unity.VisualScripting.YamlDotNet.dll
Native extension for Lumin target not found
Native extension for LinuxStandalone target not found
Native extension for WindowsStandalone target not found
Native extension for OSXStandalone target not found
Native extension for WebGL target not found
Refreshing native plugins compatible for Editor in 164.52 ms, found 5 plugins.
Preloading 0 native plugins for Editor in 0.00 ms.
Mono: successfully reloaded assembly
- Completed reload, in  2.014 seconds
Domain Reload Profiling:
	ReloadAssembly (2015ms)
		BeginReloadAssembly (208ms)
			ExecutionOrderSort (0ms)
			DisableScriptedObjects (5ms)
			BackupInstance (0ms)
			ReleaseScriptingObjects (0ms)
			CreateAndSetChildDomain (23ms)
		EndReloadAssembly (1739ms)
			LoadAssemblies (136ms)
			RebuildTransferFunctionScriptingTraits (0ms)
			SetupTypeCache (526ms)
			ReleaseScriptCaches (1ms)
			RebuildScriptCaches (88ms)
			SetupLoadedEditorAssemblies (884ms)
				LogAssemblyErrors (0ms)
				InitializePlatformSupportModulesInManaged (8ms)
				SetLoadedEditorAssemblies (0ms)
				RefreshPlugins (165ms)
				BeforeProcessingInitializeOnLoad (117ms)
				ProcessInitializeOnLoadAttributes (357ms)
				ProcessInitializeOnLoadMethodAttributes (227ms)
				AfterProcessingInitializeOnLoad (11ms)
				EditorAssembliesLoaded (0ms)
			ExecutionOrderSort2 (0ms)
			AwakeInstancesAfterBackupRestoration (12ms)
Platform modules already initialized, skipping
========================================================================
Worker process is ready to serve import requests
Launched and connected shader compiler UnityShaderCompiler.exe after 0.12 seconds
Refreshing native plugins compatible for Editor in 1.25 ms, found 5 plugins.
Preloading 0 native plugins for Editor in 0.00 ms.
Unloading 5469 Unused Serialized files (Serialized files now loaded: 0)
System memory in use before: 228.3 MB.
System memory in use after: 228.8 MB.

Unloading 76 unused Assets to reduce memory usage. Loaded Objects now: 5884.
Total: 4.301300 ms (FindLiveObjects: 0.415300 ms CreateObjectMapping: 0.297400 ms MarkObjects: 3.495300 ms  DeleteObjects: 0.092300 ms)

AssetImportParameters requested are different than current active one (requested -> active):
  custom:framework-win-MediaFoundation: 216162199b28c13a410421893ffa2e32 -> 
  custom:video-decoder-ogg-theora: a1e56fd34408186e4bbccfd4996cb3dc -> 
  custom:container-muxer-webm: aa71ff27fc2769a1b78a27578f13a17b -> 
  custom:container-demuxer-webm: 4f35f7cbe854078d1ac9338744f61a02 -> 
  custom:container-demuxer-ogg: 62fdf1f143b41e24485cea50d1cbac27 -> 
  custom:video-encoder-webm-vp8: eb34c28f22e8b96e1ab97ce403110664 -> 
  custom:video-codec-MediaFoundation-h265: 746d11721c4dcdbdad8f713fa42b33f4 -> 
  custom:video-decoder-webm-vp8: 9c59270c3fd7afecdb556c50c9e8de78 -> 
  custom:audio-decoder-ogg-vorbis: bf7c407c2cedff20999df2af8eb42d56 -> 
  custom:audio-encoder-webm-vorbis: bf7c407c2cedff20999df2af8eb42d56 -> 
========================================================================
Received Import Request.
  path: Assets/My Project/Terrain/New Terrain.asset
  artifactKey: Guid(6b634adccc4a1e84382b050a1f6477db) Importer(2089858483,934ff659095e30574adcf32a4c2f97b5)
Start importing Assets/My Project/Terrain/New Terrain.asset using Guid(6b634adccc4a1e84382b050a1f6477db) Importer(2089858483,934ff659095e30574adcf32a4c2f97b5)  -> (artifact id: 'b9dd66f86ee77c09478928620f6297ab') in 0.105961 seconds 
========================================================================
Received Import Request.
  Time since last request: 0.000623 seconds.
  path: Assets/My Project/Animations/Character
  artifactKey: Guid(a7ef0e9019de3e14f83e818139d9a4ae) Importer(2089858483,934ff659095e30574adcf32a4c2f97b5)
Start importing Assets/My Project/Animations/Character using Guid(a7ef0e9019de3e14f83e818139d9a4ae) Importer(2089858483,934ff659095e30574adcf32a4c2f97b5)  -> (artifact id: 'c4ff4d710757a83da4513286e019fffe') in 0.017088 seconds 
========================================================================
Received Import Request.
  Time since last request: 0.000321 seconds.
  path: Assets/My Project/Meshes
  artifactKey: Guid(8756119688ee0c441920b53b921cb236) Importer(2089858483,934ff659095e30574adcf32a4c2f97b5)
Start importing Assets/My Project/Meshes using Guid(8756119688ee0c441920b53b921cb236) Importer(2089858483,934ff659095e30574adcf32a4c2f97b5)  -> (artifact id: '093e7ed513a0f7398a41a9b182b16b4f') in 0.020726 seconds 
========================================================================
Received Import Request.
  Time since last request: 0.000342 seconds.
  path: Assets/My Project/Materials and Textures/Paladin_normal.png
  artifactKey: Guid(4bb6eab46d47f384d9af42da91617045) Importer(2089858483,934ff659095e30574adcf32a4c2f97b5)
Start importing Assets/My Project/Materials and Textures/Paladin_normal.png using Guid(4bb6eab46d47f384d9af42da91617045) Importer(2089858483,934ff659095e30574adcf32a4c2f97b5)  -> (artifact id: 'dd2c8911dfd9b464c93403790841101f') in 0.032288 seconds 
========================================================================
Received Import Request.
  Time since last request: 0.000312 seconds.
  path: Assets/My Project/Animations/Character/Character.controller
  artifactKey: Guid(56c93f5013e1f42489b4381bb0fd465e) Importer(2089858483,934ff659095e30574adcf32a4c2f97b5)
Start importing Assets/My Project/Animations/Character/Character.controller using Guid(56c93f5013e1f42489b4381bb0fd465e) Importer(2089858483,934ff659095e30574adcf32a4c2f97b5)  -> (artifact id: 'd51a2db9d8a597148583df6f07996b09') in 0.017765 seconds 
========================================================================
Received Import Request.
  Time since last request: 0.000300 seconds.
  path: Assets/Yughues Free Palm Trees/Materials/PalmTrees trunk Mat.mat
  artifactKey: Guid(f595b971babb1a74ab1c8a38deb8a52d) Importer(2089858483,934ff659095e30574adcf32a4c2f97b5)
Start importing Assets/Yughues Free Palm Trees/Materials/PalmTrees trunk Mat.mat using Guid(f595b971babb1a74ab1c8a38deb8a52d) Importer(2089858483,934ff659095e30574adcf32a4c2f97b5)  -> (artifact id: 'b62898868dbd39c86535d76ec505ec9d') in 0.019300 seconds 
========================================================================
Received Import Request.
  Time since last request: 0.000644 seconds.
  path: Assets/My Project/Scenes/SampleScene/LightingData.asset
  artifactKey: Guid(1fab778b5ed3c5641aac7ccd48858a70) Importer(2089858483,934ff659095e30574adcf32a4c2f97b5)
Start importing Assets/My Project/Scenes/SampleScene/LightingData.asset using Guid(1fab778b5ed3c5641aac7ccd48858a70) Importer(2089858483,934ff659095e30574adcf32a4c2f97b5)  -> (artifact id: '0afa01955ed3113f0f46facf16abb9ad') in 0.022630 seconds 
========================================================================
Received Import Request.
  Time since last request: 0.000389 seconds.
  path: Assets/Rocks and Boulders 2/Rocks/Prefabs/Rock2.prefab
  artifactKey: Guid(940d55d4117386f4f9398ea3ff52d4cd) Importer(2089858483,934ff659095e30574adcf32a4c2f97b5)
Start importing Assets/Rocks and Boulders 2/Rocks/Prefabs/Rock2.prefab using Guid(940d55d4117386f4f9398ea3ff52d4cd) Importer(2089858483,934ff659095e30574adcf32a4c2f97b5)  -> (artifact id: 'ee4732e3c53cb9f027d831d99dd5baf8') in 0.021667 seconds 
========================================================================
Received Import Request.
  Time since last request: 0.001166 seconds.
  path: Assets/My Project/Animations/Character/sword and shield idle.fbx
  artifactKey: Guid(d9d46764af1c1464b91764af926cbbc7) Importer(2089858483,934ff659095e30574adcf32a4c2f97b5)
Start importing Assets/My Project/Animations/Character/sword and shield idle.fbx using Guid(d9d46764af1c1464b91764af926cbbc7) Importer(2089858483,934ff659095e30574adcf32a4c2f97b5)  -> (artifact id: 'db3152e0079af10cbfb12b56e7f2c37d') in 0.044061 seconds 
========================================================================
Received Import Request.
  Time since last request: 0.000240 seconds.
  path: Assets/My Project/Scenes/SampleScene/Lightmap-1_comp_dir.png
  artifactKey: Guid(1f6ee57f0c0d7914baa44f32ea39c0b3) Importer(2089858483,934ff659095e30574adcf32a4c2f97b5)
Start importing Assets/My Project/Scenes/SampleScene/Lightmap-1_comp_dir.png using Guid(1f6ee57f0c0d7914baa44f32ea39c0b3) Importer(2089858483,934ff659095e30574adcf32a4c2f97b5)  -> (artifact id: '5b1f2c1200eb2967fe167bf2e2a7ab2c') in 0.018966 seconds 
========================================================================
Received Import Request.
  Time since last request: 0.000223 seconds.
  path: Assets/Yughues Free Palm Trees/Materials/PalmTrees Leafs Mat.mat
  artifactKey: Guid(2d0b554e7d49b614495903aeed93f746) Importer(2089858483,934ff659095e30574adcf32a4c2f97b5)
Start importing Assets/Yughues Free Palm Trees/Materials/PalmTrees Leafs Mat.mat using Guid(2d0b554e7d49b614495903aeed93f746) Importer(2089858483,934ff659095e30574adcf32a4c2f97b5)  -> (artifact id: 'd235ea39dbadf2df76acc3eb3a09c6ac') in 0.019945 seconds 
========================================================================
Received Import Request.
  Time since last request: 0.000347 seconds.
  path: Assets/My Project/Scripts/CamFollowPlayerScript.cs
  artifactKey: Guid(a804a7c84787643458fcd13510752a3e) Importer(2089858483,934ff659095e30574adcf32a4c2f97b5)
Start importing Assets/My Project/Scripts/CamFollowPlayerScript.cs using Guid(a804a7c84787643458fcd13510752a3e) Importer(2089858483,934ff659095e30574adcf32a4c2f97b5)  -> (artifact id: 'a746a1f6f1f20fb7e12f480469c3893c') in 0.029112 seconds 
========================================================================
Received Import Request.
  Time since last request: 0.000282 seconds.
  path: Assets/My Project/Scripts/AnimationHandlingScript.cs
  artifactKey: Guid(acd00f8cb28150d40bc3151f0701b997) Importer(2089858483,934ff659095e30574adcf32a4c2f97b5)
Start importing Assets/My Project/Scripts/AnimationHandlingScript.cs using Guid(acd00f8cb28150d40bc3151f0701b997) Importer(2089858483,934ff659095e30574adcf32a4c2f97b5)  -> (artifact id: 'd08b9564d98d87a1c228d3fa0b8d621e') in 0.022172 seconds 
========================================================================
Received Import Request.
  Time since last request: 0.000409 seconds.
  path: Assets/My Project/Scenes/SampleScene/Lightmap-1_comp_light.exr
  artifactKey: Guid(f19efe7ac251f674f884ee2ed656ab14) Importer(2089858483,934ff659095e30574adcf32a4c2f97b5)
Start importing Assets/My Project/Scenes/SampleScene/Lightmap-1_comp_light.exr using Guid(f19efe7ac251f674f884ee2ed656ab14) Importer(2089858483,934ff659095e30574adcf32a4c2f97b5)  -> (artifact id: '122690a71f81432b0965bd18546a02a6') in 0.020268 seconds 
========================================================================
Received Import Request.
  Time since last request: 0.000306 seconds.
  path: Assets/My Project/Animations/Character/sword and shield run (2).fbx
  artifactKey: Guid(d7a8034b9c7577d47b989d234f4a704f) Importer(2089858483,934ff659095e30574adcf32a4c2f97b5)
Start importing Assets/My Project/Animations/Character/sword and shield run (2).fbx using Guid(d7a8034b9c7577d47b989d234f4a704f) Importer(2089858483,934ff659095e30574adcf32a4c2f97b5)  -> (artifact id: 'f72799daf4dce51cf027f9d119ccbce6') in 0.034842 seconds 
========================================================================
Received Import Request.
  Time since last request: 0.000340 seconds.
  path: Assets/My Project/Scenes/SampleScene/Lightmap-1_comp_shadowmask.png
  artifactKey: Guid(0445f8066522c094d931bcb544411631) Importer(2089858483,934ff659095e30574adcf32a4c2f97b5)
Start importing Assets/My Project/Scenes/SampleScene/Lightmap-1_comp_shadowmask.png using Guid(0445f8066522c094d931bcb544411631) Importer(2089858483,934ff659095e30574adcf32a4c2f97b5)  -> (artifact id: '7d8870e2b09544f0410909874aeff866') in 0.020402 seconds 
========================================================================
Received Import Request.
  Time since last request: 0.000347 seconds.
  path: Assets/My Project/Scenes/SampleScene.unity
  artifactKey: Guid(9fc0d4010bbf28b4594072e72b8655ab) Importer(2089858483,934ff659095e30574adcf32a4c2f97b5)
Start importing Assets/My Project/Scenes/SampleScene.unity using Guid(9fc0d4010bbf28b4594072e72b8655ab) Importer(2089858483,934ff659095e30574adcf32a4c2f97b5)  -> (artifact id: '64c2b4304a59c6a9b3fafdab2fccd025') in 0.016001 seconds 
========================================================================
Received Import Request.
  Time since last request: 0.000697 seconds.
  path: Assets/My Project/Meshes/Monsters
  artifactKey: Guid(1b9bca75badfa9049bd8089b65a535cd) Importer(2089858483,934ff659095e30574adcf32a4c2f97b5)
Start importing Assets/My Project/Meshes/Monsters using Guid(1b9bca75badfa9049bd8089b65a535cd) Importer(2089858483,934ff659095e30574adcf32a4c2f97b5)  -> (artifact id: 'f4d94611b6e62b9ec9650026ca77ef75') in 0.019004 seconds 
========================================================================
Received Import Request.
  Time since last request: 0.000401 seconds.
  path: Assets/My Project/Scenes/SampleScene/Lightmap-0_comp_light.exr
  artifactKey: Guid(39aa8fe9b3e84e54fb1307444a54589b) Importer(2089858483,934ff659095e30574adcf32a4c2f97b5)
Start importing Assets/My Project/Scenes/SampleScene/Lightmap-0_comp_light.exr using Guid(39aa8fe9b3e84e54fb1307444a54589b) Importer(2089858483,934ff659095e30574adcf32a4c2f97b5)  -> (artifact id: 'd104119541438766905d17fa86d8e4c6') in 0.016379 seconds 
========================================================================
Received Import Request.
  Time since last request: 0.000274 seconds.
  path: Assets/My Project/Scenes/SampleScene/Lightmap-0_comp_dir.png
  artifactKey: Guid(797dc3d914fb83849bea0bea9a65bb11) Importer(2089858483,934ff659095e30574adcf32a4c2f97b5)
Start importing Assets/My Project/Scenes/SampleScene/Lightmap-0_comp_dir.png using Guid(797dc3d914fb83849bea0bea9a65bb11) Importer(2089858483,934ff659095e30574adcf32a4c2f97b5)  -> (artifact id: '893c48d3c011ee94f5af7f617c1285f8') in 0.018507 seconds 
========================================================================
Received Import Request.
  Time since last request: 0.000359 seconds.
  path: Assets/My Project/Animations/Character/sword and shield idle (3).fbx
  artifactKey: Guid(aac1f76edd490ce43b4ae3d0921c5bbf) Importer(2089858483,934ff659095e30574adcf32a4c2f97b5)
Start importing Assets/My Project/Animations/Character/sword and shield idle (3).fbx using Guid(aac1f76edd490ce43b4ae3d0921c5bbf) Importer(2089858483,934ff659095e30574adcf32a4c2f97b5)  -> (artifact id: '5abf3fa3cb5977414039205da4992d22') in 0.028982 seconds 
========================================================================
Received Import Request.
  Time since last request: 0.000296 seconds.
  path: Assets/My Project/Scripts/ClickToMoveScript.cs
  artifactKey: Guid(4523386a76f130d44bfdae47f1ddf2ad) Importer(2089858483,934ff659095e30574adcf32a4c2f97b5)
Start importing Assets/My Project/Scripts/ClickToMoveScript.cs using Guid(4523386a76f130d44bfdae47f1ddf2ad) Importer(2089858483,934ff659095e30574adcf32a4c2f97b5)  -> (artifact id: '35786cc47545c6d8da8c11f700d0c995') in 0.016670 seconds 
========================================================================
Received Import Request.
  Time since last request: 0.000523 seconds.
  path: Assets/My Project/Meshes/Character/paladin_prop_j_nordstrom.fbx
  artifactKey: Guid(22bf6f8e182d27047a0d8f95b269be20) Importer(2089858483,934ff659095e30574adcf32a4c2f97b5)
Start importing Assets/My Project/Meshes/Character/paladin_prop_j_nordstrom.fbx using Guid(22bf6f8e182d27047a0d8f95b269be20) Importer(2089858483,934ff659095e30574adcf32a4c2f97b5)  -> (artifact id: '2ae176244af544f3e9ce97cd80b156bf') in 0.036988 seconds 
========================================================================
Received Import Request.
  Time since last request: 0.000388 seconds.
  path: Assets/My Project/Animations/Character/sword and shield idle (2).fbx
  artifactKey: Guid(b2fb5cac7103fe24f84cf4c30dc00276) Importer(2089858483,934ff659095e30574adcf32a4c2f97b5)
Start importing Assets/My Project/Animations/Character/sword and shield idle (2).fbx using Guid(b2fb5cac7103fe24f84cf4c30dc00276) Importer(2089858483,934ff659095e30574adcf32a4c2f97b5)  -> (artifact id: 'cc48475859e27cbe57fc73e868cea7ea') in 0.033692 seconds 
========================================================================
Received Import Request.
  Time since last request: 0.000324 seconds.
  path: Assets/My Project/Materials and Textures/Paladin_diffuse.png
  artifactKey: Guid(ce36dcac2f307964e9ec4ee6ef838ec8) Importer(2089858483,934ff659095e30574adcf32a4c2f97b5)
Start importing Assets/My Project/Materials and Textures/Paladin_diffuse.png using Guid(ce36dcac2f307964e9ec4ee6ef838ec8) Importer(2089858483,934ff659095e30574adcf32a4c2f97b5)  -> (artifact id: '27d6edc10b07ab8f44b8523abb6a8f9f') in 0.016961 seconds 
========================================================================
Received Import Request.
  Time since last request: 0.000668 seconds.
  path: Assets/My Project/Terrain/Rocky5.terrainlayer
  artifactKey: Guid(8470bfa124c0a3d4391b39458ffd3cad) Importer(2089858483,934ff659095e30574adcf32a4c2f97b5)
Start importing Assets/My Project/Terrain/Rocky5.terrainlayer using Guid(8470bfa124c0a3d4391b39458ffd3cad) Importer(2089858483,934ff659095e30574adcf32a4c2f97b5)  -> (artifact id: '347488586979b6a9b46ff3c07460fbff') in 0.021609 seconds 
========================================================================
Received Import Request.
  Time since last request: 0.001120 seconds.
  path: Assets/My Project/Animations/Character/sword and shield idle (4).fbx
  artifactKey: Guid(a8407e88c7b204f4986a4f5fa0e02b6e) Importer(2089858483,934ff659095e30574adcf32a4c2f97b5)
Start importing Assets/My Project/Animations/Character/sword and shield idle (4).fbx using Guid(a8407e88c7b204f4986a4f5fa0e02b6e) Importer(2089858483,934ff659095e30574adcf32a4c2f97b5)  -> (artifact id: '71bbff919512021354ada3196d375573') in 0.025422 seconds 
========================================================================
Received Import Request.
  Time since last request: 0.000237 seconds.
  path: Assets/My Project/Animations/Character/sword and shield run 1.fbx
  artifactKey: Guid(80cbe84bab7aab543a3c9b219adc0279) Importer(2089858483,934ff659095e30574adcf32a4c2f97b5)
Start importing Assets/My Project/Animations/Character/sword and shield run 1.fbx using Guid(80cbe84bab7aab543a3c9b219adc0279) Importer(2089858483,934ff659095e30574adcf32a4c2f97b5)  -> (artifact id: '60dd9a514c79c625039e72f30d877a03') in 0.032527 seconds 
========================================================================
Received Import Request.
  Time since last request: 0.000390 seconds.
  path: Assets/My Project/Animations/Character/sword and shield run copy.fbx
  artifactKey: Guid(6694c4f8de76e0d42b89ba999dbcddbd) Importer(2089858483,934ff659095e30574adcf32a4c2f97b5)
Start importing Assets/My Project/Animations/Character/sword and shield run copy.fbx using Guid(6694c4f8de76e0d42b89ba999dbcddbd) Importer(2089858483,934ff659095e30574adcf32a4c2f97b5)  -> (artifact id: '08aae0ffd365f86a95832c787e10b145') in 0.033826 seconds 
========================================================================
Received Import Request.
  Time since last request: 0.000451 seconds.
  path: Assets/My Project/Meshes/Character
  artifactKey: Guid(a36564da3d27c564bbefbfbf677ac011) Importer(2089858483,934ff659095e30574adcf32a4c2f97b5)
Start importing Assets/My Project/Meshes/Character using Guid(a36564da3d27c564bbefbfbf677ac011) Importer(2089858483,934ff659095e30574adcf32a4c2f97b5)  -> (artifact id: 'c2595f1a8aed3e18622201477c0997bf') in 0.014077 seconds 
========================================================================
Received Import Request.
  Time since last request: 0.000378 seconds.
  path: Assets/My Project/Animations/Character/run.anim
  artifactKey: Guid(26f3d332bd674e548897b9809e17107e) Importer(2089858483,934ff659095e30574adcf32a4c2f97b5)
Start importing Assets/My Project/Animations/Character/run.anim using Guid(26f3d332bd674e548897b9809e17107e) Importer(2089858483,934ff659095e30574adcf32a4c2f97b5)  -> (artifact id: '7d0b20b5bc1daf7d374187ad56f0cc7c') in 0.023004 seconds 
========================================================================
Received Import Request.
  Time since last request: 0.000448 seconds.
  path: Assets/My Project/Materials and Textures/Paladin_MAT.mat
  artifactKey: Guid(fd8f808cea716864c921696fa29c821d) Importer(2089858483,934ff659095e30574adcf32a4c2f97b5)
Start importing Assets/My Project/Materials and Textures/Paladin_MAT.mat using Guid(fd8f808cea716864c921696fa29c821d) Importer(2089858483,934ff659095e30574adcf32a4c2f97b5)  -> (artifact id: '7294e7dd2476cc1dcf26a0c5d21bfb6d') in 0.016701 seconds 
========================================================================
Received Import Request.
  Time since last request: 0.000372 seconds.
  path: Assets/My Project/Scenes/SampleScene/NavMesh.asset
  artifactKey: Guid(fd7001841914ac544acc81221d90cd6e) Importer(2089858483,934ff659095e30574adcf32a4c2f97b5)
Start importing Assets/My Project/Scenes/SampleScene/NavMesh.asset using Guid(fd7001841914ac544acc81221d90cd6e) Importer(2089858483,934ff659095e30574adcf32a4c2f97b5)  -> (artifact id: '921cdb0cf4af1b8921a2e20544666ec9') in 0.022013 seconds 
========================================================================
Received Import Request.
  Time since last request: 0.000380 seconds.
  path: Assets/My Project/Render Settings/New Lighting Settings.lighting
  artifactKey: Guid(0d778a2a12bbfd7488c52caf9a42ba43) Importer(2089858483,934ff659095e30574adcf32a4c2f97b5)
Start importing Assets/My Project/Render Settings/New Lighting Settings.lighting using Guid(0d778a2a12bbfd7488c52caf9a42ba43) Importer(2089858483,934ff659095e30574adcf32a4c2f97b5)  -> (artifact id: '8cb37c367d9d89f0ad7b4d0436d33bcf') in 0.021857 seconds 
========================================================================
Received Import Request.
  Time since last request: 0.000359 seconds.
  path: Assets/My Project/Scenes/SampleScene/Lightmap-0_comp_shadowmask.png
  artifactKey: Guid(46ab52ed427720742aee71f9ef45cc92) Importer(2089858483,934ff659095e30574adcf32a4c2f97b5)
Start importing Assets/My Project/Scenes/SampleScene/Lightmap-0_comp_shadowmask.png using Guid(46ab52ed427720742aee71f9ef45cc92) Importer(2089858483,934ff659095e30574adcf32a4c2f97b5)  -> (artifact id: '260a8213d134cc98c6686de557ba7d1b') in 0.017548 seconds 
========================================================================
Received Import Request.
  Time since last request: 0.000398 seconds.
  path: Assets/My Project/Materials and Textures/Paladin_specular.png
  artifactKey: Guid(cdf1a46b00b39694a990e28a451f24d1) Importer(2089858483,934ff659095e30574adcf32a4c2f97b5)
Start importing Assets/My Project/Materials and Textures/Paladin_specular.png using Guid(cdf1a46b00b39694a990e28a451f24d1) Importer(2089858483,934ff659095e30574adcf32a4c2f97b5)  -> (artifact id: 'e4a7ea2ecb2ab145caf755958384e156') in 0.020938 seconds 
========================================================================
Received Import Request.
  Time since last request: 0.000341 seconds.
  path: Assets/My Project/Materials and Textures/ParticleCircle.png
  artifactKey: Guid(aeeb2ca2250bb0b44abbfa271093639b) Importer(2089858483,934ff659095e30574adcf32a4c2f97b5)
Start importing Assets/My Project/Materials and Textures/ParticleCircle.png using Guid(aeeb2ca2250bb0b44abbfa271093639b) Importer(2089858483,934ff659095e30574adcf32a4c2f97b5)  -> (artifact id: '364580f4b5127ba61819a17022262dd1') in 0.017709 seconds 
========================================================================
Received Import Request.
  Time since last request: 0.000316 seconds.
  path: Assets/Rocks and Boulders 2/Rocks/Source/Materials/Unity 5/Rock2.mat
  artifactKey: Guid(520e490b117f8cc4bbfd41ec92292838) Importer(2089858483,934ff659095e30574adcf32a4c2f97b5)
Start importing Assets/Rocks and Boulders 2/Rocks/Source/Materials/Unity 5/Rock2.mat using Guid(520e490b117f8cc4bbfd41ec92292838) Importer(2089858483,934ff659095e30574adcf32a4c2f97b5)  -> (artifact id: '4b84bcc0ec7c3ec38c5d4b2b9b585f63') in 0.018573 seconds 
========================================================================
Received Prepare
Registering precompiled user dll's ...
Registered in 0.017146 seconds.
Begin MonoManager ReloadAssembly
Symbol file LoadedFromMemory doesn't match image C:\Users\whyab\OneDrive\Minor Skilled\Final Project\The Harvesting\Library\PackageCache\com.unity.visualscripting@1.6.1\Editor\VisualScripting.Core\Dependencies\DotNetZip\Unity.VisualScripting.IonicZip.dll
Symbol file LoadedFromMemory doesn't match image C:\Users\whyab\OneDrive\Minor Skilled\Final Project\The Harvesting\Library\PackageCache\com.unity.visualscripting@1.6.1\Editor\VisualScripting.Core\Dependencies\YamlDotNet\Unity.VisualScripting.YamlDotNet.dll
Native extension for Lumin target not found
Native extension for LinuxStandalone target not found
Native extension for WindowsStandalone target not found
Native extension for OSXStandalone target not found
Native extension for WebGL target not found
Refreshing native plugins compatible for Editor in 2.21 ms, found 5 plugins.
Preloading 0 native plugins for Editor in 0.00 ms.
Mono: successfully reloaded assembly
- Completed reload, in  2.056 seconds
Domain Reload Profiling:
	ReloadAssembly (2057ms)
		BeginReloadAssembly (219ms)
			ExecutionOrderSort (0ms)
			DisableScriptedObjects (6ms)
			BackupInstance (0ms)
			ReleaseScriptingObjects (0ms)
			CreateAndSetChildDomain (73ms)
		EndReloadAssembly (1750ms)
			LoadAssemblies (181ms)
			RebuildTransferFunctionScriptingTraits (0ms)
			SetupTypeCache (639ms)
			ReleaseScriptCaches (3ms)
			RebuildScriptCaches (106ms)
			SetupLoadedEditorAssemblies (588ms)
				LogAssemblyErrors (0ms)
				InitializePlatformSupportModulesInManaged (13ms)
				SetLoadedEditorAssemblies (1ms)
				RefreshPlugins (2ms)
				BeforeProcessingInitializeOnLoad (121ms)
				ProcessInitializeOnLoadAttributes (423ms)
				ProcessInitializeOnLoadMethodAttributes (15ms)
				AfterProcessingInitializeOnLoad (12ms)
				EditorAssembliesLoaded (0ms)
			ExecutionOrderSort2 (0ms)
			AwakeInstancesAfterBackupRestoration (25ms)
Platform modules already initialized, skipping
Refreshing native plugins compatible for Editor in 2.94 ms, found 5 plugins.
Preloading 0 native plugins for Editor in 0.00 ms.
Unloading 5190 Unused Serialized files (Serialized files now loaded: 0)
System memory in use before: 213.8 MB.
System memory in use after: 214.2 MB.

Unloading 71 unused Assets to reduce memory usage. Loaded Objects now: 5886.
Total: 8.166200 ms (FindLiveObjects: 0.453000 ms CreateObjectMapping: 0.370200 ms MarkObjects: 7.296300 ms  DeleteObjects: 0.044900 ms)

AssetImportParameters requested are different than current active one (requested -> active):
  custom:framework-win-MediaFoundation: 216162199b28c13a410421893ffa2e32 -> 
  custom:video-decoder-ogg-theora: a1e56fd34408186e4bbccfd4996cb3dc -> 
  custom:container-muxer-webm: aa71ff27fc2769a1b78a27578f13a17b -> 
  custom:container-demuxer-webm: 4f35f7cbe854078d1ac9338744f61a02 -> 
  custom:container-demuxer-ogg: 62fdf1f143b41e24485cea50d1cbac27 -> 
  custom:video-encoder-webm-vp8: eb34c28f22e8b96e1ab97ce403110664 -> 
  custom:video-codec-MediaFoundation-h265: 746d11721c4dcdbdad8f713fa42b33f4 -> 
  custom:video-decoder-webm-vp8: 9c59270c3fd7afecdb556c50c9e8de78 -> 
  custom:audio-decoder-ogg-vorbis: bf7c407c2cedff20999df2af8eb42d56 -> 
  custom:audio-encoder-webm-vorbis: bf7c407c2cedff20999df2af8eb42d56 -> 
========================================================================
Received Import Request.
  Time since last request: 16.719203 seconds.
  path: Assets/My Project/Materials and Textures/Paladin_diffuse.png
  artifactKey: Guid(ce36dcac2f307964e9ec4ee6ef838ec8) Importer(815301076,1909f56bfc062723c751e8b465ee728b)
Start importing Assets/My Project/Materials and Textures/Paladin_diffuse.png using Guid(ce36dcac2f307964e9ec4ee6ef838ec8) Importer(815301076,1909f56bfc062723c751e8b465ee728b)  -> (artifact id: 'c25678337b3d965a88d8f7acdcf75905') in 0.079695 seconds 
========================================================================
Received Import Request.
  Time since last request: 0.000313 seconds.
  path: Assets/My Project/Materials and Textures/ParticleCircle.png
  artifactKey: Guid(aeeb2ca2250bb0b44abbfa271093639b) Importer(815301076,1909f56bfc062723c751e8b465ee728b)
Start importing Assets/My Project/Materials and Textures/ParticleCircle.png using Guid(aeeb2ca2250bb0b44abbfa271093639b) Importer(815301076,1909f56bfc062723c751e8b465ee728b)  -> (artifact id: '83c61faf2f187255da573b6b35c5ca31') in 0.027952 seconds 
========================================================================
Received Import Request.
  Time since last request: 0.000664 seconds.
  path: Assets/My Project/Materials and Textures/Paladin_normal.png
  artifactKey: Guid(4bb6eab46d47f384d9af42da91617045) Importer(815301076,1909f56bfc062723c751e8b465ee728b)
Start importing Assets/My Project/Materials and Textures/Paladin_normal.png using Guid(4bb6eab46d47f384d9af42da91617045) Importer(815301076,1909f56bfc062723c751e8b465ee728b)  -> (artifact id: '2eab1c2587ca6ccb2177352308ef86aa') in 0.041776 seconds 
========================================================================
Received Import Request.
  Time since last request: 0.000467 seconds.
  path: Assets/My Project/Materials and Textures/Paladin_specular.png
  artifactKey: Guid(cdf1a46b00b39694a990e28a451f24d1) Importer(815301076,1909f56bfc062723c751e8b465ee728b)
Start importing Assets/My Project/Materials and Textures/Paladin_specular.png using Guid(cdf1a46b00b39694a990e28a451f24d1) Importer(815301076,1909f56bfc062723c751e8b465ee728b)  -> (artifact id: '334fc72f2c9f5eb1f9f09f5c05907661') in 0.043199 seconds 
========================================================================
Received Prepare
Registering precompiled user dll's ...
Registered in 0.018603 seconds.
Begin MonoManager ReloadAssembly
Symbol file LoadedFromMemory doesn't match image C:\Users\whyab\OneDrive\Minor Skilled\Final Project\The Harvesting\Library\PackageCache\com.unity.visualscripting@1.6.1\Editor\VisualScripting.Core\Dependencies\DotNetZip\Unity.VisualScripting.IonicZip.dll
Symbol file LoadedFromMemory doesn't match image C:\Users\whyab\OneDrive\Minor Skilled\Final Project\The Harvesting\Library\PackageCache\com.unity.visualscripting@1.6.1\Editor\VisualScripting.Core\Dependencies\YamlDotNet\Unity.VisualScripting.YamlDotNet.dll
Native extension for Lumin target not found
Native extension for LinuxStandalone target not found
Native extension for WindowsStandalone target not found
Native extension for OSXStandalone target not found
Native extension for WebGL target not found
Refreshing native plugins compatible for Editor in 1.64 ms, found 5 plugins.
Preloading 0 native plugins for Editor in 0.00 ms.
Mono: successfully reloaded assembly
- Completed reload, in  2.067 seconds
Domain Reload Profiling:
	ReloadAssembly (2068ms)
		BeginReloadAssembly (202ms)
			ExecutionOrderSort (0ms)
			DisableScriptedObjects (6ms)
			BackupInstance (0ms)
			ReleaseScriptingObjects (0ms)
			CreateAndSetChildDomain (71ms)
		EndReloadAssembly (1776ms)
			LoadAssemblies (176ms)
			RebuildTransferFunctionScriptingTraits (0ms)
			SetupTypeCache (637ms)
			ReleaseScriptCaches (3ms)
			RebuildScriptCaches (129ms)
			SetupLoadedEditorAssemblies (580ms)
				LogAssemblyErrors (0ms)
				InitializePlatformSupportModulesInManaged (13ms)
				SetLoadedEditorAssemblies (1ms)
				RefreshPlugins (2ms)
				BeforeProcessingInitializeOnLoad (123ms)
				ProcessInitializeOnLoadAttributes (410ms)
				ProcessInitializeOnLoadMethodAttributes (18ms)
				AfterProcessingInitializeOnLoad (13ms)
				EditorAssembliesLoaded (0ms)
			ExecutionOrderSort2 (0ms)
			AwakeInstancesAfterBackupRestoration (29ms)
Platform modules already initialized, skipping
Refreshing native plugins compatible for Editor in 1.87 ms, found 5 plugins.
Preloading 0 native plugins for Editor in 0.00 ms.
Unloading 5194 Unused Serialized files (Serialized files now loaded: 0)
System memory in use before: 229.1 MB.
System memory in use after: 229.5 MB.

Unloading 71 unused Assets to reduce memory usage. Loaded Objects now: 5950.
Total: 8.050300 ms (FindLiveObjects: 2.043800 ms CreateObjectMapping: 1.012400 ms MarkObjects: 4.750000 ms  DeleteObjects: 0.238600 ms)

AssetImportParameters requested are different than current active one (requested -> active):
  custom:framework-win-MediaFoundation: 216162199b28c13a410421893ffa2e32 -> 
  custom:video-decoder-ogg-theora: a1e56fd34408186e4bbccfd4996cb3dc -> 
  custom:container-muxer-webm: aa71ff27fc2769a1b78a27578f13a17b -> 
  custom:container-demuxer-webm: 4f35f7cbe854078d1ac9338744f61a02 -> 
  custom:container-demuxer-ogg: 62fdf1f143b41e24485cea50d1cbac27 -> 
  custom:video-encoder-webm-vp8: eb34c28f22e8b96e1ab97ce403110664 -> 
  custom:video-codec-MediaFoundation-h265: 746d11721c4dcdbdad8f713fa42b33f4 -> 
  custom:video-decoder-webm-vp8: 9c59270c3fd7afecdb556c50c9e8de78 -> 
  custom:audio-decoder-ogg-vorbis: bf7c407c2cedff20999df2af8eb42d56 -> 
  custom:audio-encoder-webm-vorbis: bf7c407c2cedff20999df2af8eb42d56 -> 
========================================================================
Received Prepare
Registering precompiled user dll's ...
Registered in 0.016775 seconds.
Begin MonoManager ReloadAssembly
Symbol file LoadedFromMemory doesn't match image C:\Users\whyab\OneDrive\Minor Skilled\Final Project\The Harvesting\Library\PackageCache\com.unity.visualscripting@1.6.1\Editor\VisualScripting.Core\Dependencies\DotNetZip\Unity.VisualScripting.IonicZip.dll
Symbol file LoadedFromMemory doesn't match image C:\Users\whyab\OneDrive\Minor Skilled\Final Project\The Harvesting\Library\PackageCache\com.unity.visualscripting@1.6.1\Editor\VisualScripting.Core\Dependencies\YamlDotNet\Unity.VisualScripting.YamlDotNet.dll
Native extension for Lumin target not found
Native extension for LinuxStandalone target not found
Native extension for WindowsStandalone target not found
Native extension for OSXStandalone target not found
Native extension for WebGL target not found
Refreshing native plugins compatible for Editor in 1.76 ms, found 5 plugins.
Preloading 0 native plugins for Editor in 0.00 ms.
Mono: successfully reloaded assembly
- Completed reload, in  2.457 seconds
Domain Reload Profiling:
	ReloadAssembly (2458ms)
		BeginReloadAssembly (267ms)
			ExecutionOrderSort (0ms)
			DisableScriptedObjects (13ms)
			BackupInstance (0ms)
			ReleaseScriptingObjects (0ms)
			CreateAndSetChildDomain (97ms)
		EndReloadAssembly (2086ms)
			LoadAssemblies (223ms)
			RebuildTransferFunctionScriptingTraits (0ms)
			SetupTypeCache (770ms)
			ReleaseScriptCaches (3ms)
			RebuildScriptCaches (141ms)
			SetupLoadedEditorAssemblies (702ms)
				LogAssemblyErrors (0ms)
				InitializePlatformSupportModulesInManaged (17ms)
				SetLoadedEditorAssemblies (1ms)
				RefreshPlugins (2ms)
				BeforeProcessingInitializeOnLoad (144ms)
				ProcessInitializeOnLoadAttributes (506ms)
				ProcessInitializeOnLoadMethodAttributes (18ms)
				AfterProcessingInitializeOnLoad (13ms)
				EditorAssembliesLoaded (1ms)
			ExecutionOrderSort2 (0ms)
			AwakeInstancesAfterBackupRestoration (25ms)
Platform modules already initialized, skipping
Refreshing native plugins compatible for Editor in 3.15 ms, found 5 plugins.
Preloading 0 native plugins for Editor in 0.00 ms.
Unloading 5190 Unused Serialized files (Serialized files now loaded: 0)
System memory in use before: 229.0 MB.
System memory in use after: 229.4 MB.

Unloading 71 unused Assets to reduce memory usage. Loaded Objects now: 5952.
Total: 9.018200 ms (FindLiveObjects: 0.847800 ms CreateObjectMapping: 0.979600 ms MarkObjects: 7.153300 ms  DeleteObjects: 0.035800 ms)

AssetImportParameters requested are different than current active one (requested -> active):
  custom:framework-win-MediaFoundation: 216162199b28c13a410421893ffa2e32 -> 
  custom:video-decoder-ogg-theora: a1e56fd34408186e4bbccfd4996cb3dc -> 
  custom:container-muxer-webm: aa71ff27fc2769a1b78a27578f13a17b -> 
  custom:container-demuxer-webm: 4f35f7cbe854078d1ac9338744f61a02 -> 
  custom:container-demuxer-ogg: 62fdf1f143b41e24485cea50d1cbac27 -> 
  custom:video-encoder-webm-vp8: eb34c28f22e8b96e1ab97ce403110664 -> 
  custom:video-codec-MediaFoundation-h265: 746d11721c4dcdbdad8f713fa42b33f4 -> 
  custom:video-decoder-webm-vp8: 9c59270c3fd7afecdb556c50c9e8de78 -> 
  custom:audio-decoder-ogg-vorbis: bf7c407c2cedff20999df2af8eb42d56 -> 
  custom:audio-encoder-webm-vorbis: bf7c407c2cedff20999df2af8eb42d56 -> 
========================================================================
Received Import Request.
  Time since last request: 167.626496 seconds.
  path: Assets/My Project/Terrain/Sand.terrainlayer
  artifactKey: Guid(d0a2a4ffa1402924a8d75a272bd860fe) Importer(815301076,1909f56bfc062723c751e8b465ee728b)
Start importing Assets/My Project/Terrain/Sand.terrainlayer using Guid(d0a2a4ffa1402924a8d75a272bd860fe) Importer(815301076,1909f56bfc062723c751e8b465ee728b)  -> (artifact id: 'f3c38db98af6692a0ee3ac8885a00d47') in 0.096120 seconds 
========================================================================
Received Import Request.
  Time since last request: 4.426717 seconds.
  path: Assets/My Project/Terrain/New Terrain.asset
  artifactKey: Guid(6b634adccc4a1e84382b050a1f6477db) Importer(2089858483,934ff659095e30574adcf32a4c2f97b5)
Start importing Assets/My Project/Terrain/New Terrain.asset using Guid(6b634adccc4a1e84382b050a1f6477db) Importer(2089858483,934ff659095e30574adcf32a4c2f97b5)  -> (artifact id: '46d1a68b4bf783e71a204f742d750352') in 0.065073 seconds 
========================================================================
Received Import Request.
  Time since last request: 0.000370 seconds.
  path: Assets/My Project/Terrain/Sand.terrainlayer
  artifactKey: Guid(d0a2a4ffa1402924a8d75a272bd860fe) Importer(2089858483,934ff659095e30574adcf32a4c2f97b5)
Start importing Assets/My Project/Terrain/Sand.terrainlayer using Guid(d0a2a4ffa1402924a8d75a272bd860fe) Importer(2089858483,934ff659095e30574adcf32a4c2f97b5)  -> (artifact id: '2b6884a9f86759a70edaea0b341e0736') in 0.014971 seconds 
========================================================================
Received Import Request.
  Time since last request: 0.000406 seconds.
  path: Assets/My Project/Scenes/SampleScene/LightingData.asset
  artifactKey: Guid(1fab778b5ed3c5641aac7ccd48858a70) Importer(2089858483,934ff659095e30574adcf32a4c2f97b5)
Start importing Assets/My Project/Scenes/SampleScene/LightingData.asset using Guid(1fab778b5ed3c5641aac7ccd48858a70) Importer(2089858483,934ff659095e30574adcf32a4c2f97b5)  -> (artifact id: '78917c0a4aa132dbbf3d6abe52377602') in 0.019967 seconds 
========================================================================
Received Import Request.
  Time since last request: 0.000322 seconds.
  path: Assets/My Project/Scenes/SampleScene/Lightmap-1_comp_dir.png
  artifactKey: Guid(1f6ee57f0c0d7914baa44f32ea39c0b3) Importer(2089858483,934ff659095e30574adcf32a4c2f97b5)
Start importing Assets/My Project/Scenes/SampleScene/Lightmap-1_comp_dir.png using Guid(1f6ee57f0c0d7914baa44f32ea39c0b3) Importer(2089858483,934ff659095e30574adcf32a4c2f97b5)  -> (artifact id: '5d0353ddf0783a42efe55d500a99b7b6') in 0.026705 seconds 
========================================================================
Received Import Request.
  Time since last request: 0.000629 seconds.
  path: Assets/My Project/Scenes/SampleScene/Lightmap-1_comp_light.exr
  artifactKey: Guid(f19efe7ac251f674f884ee2ed656ab14) Importer(2089858483,934ff659095e30574adcf32a4c2f97b5)
Start importing Assets/My Project/Scenes/SampleScene/Lightmap-1_comp_light.exr using Guid(f19efe7ac251f674f884ee2ed656ab14) Importer(2089858483,934ff659095e30574adcf32a4c2f97b5)  -> (artifact id: 'ae0422457cf972746a3c3446426a456a') in 0.016630 seconds 
========================================================================
Received Import Request.
  Time since last request: 0.000595 seconds.
  path: Assets/My Project/Scenes/SampleScene/Lightmap-1_comp_shadowmask.png
  artifactKey: Guid(0445f8066522c094d931bcb544411631) Importer(2089858483,934ff659095e30574adcf32a4c2f97b5)
Start importing Assets/My Project/Scenes/SampleScene/Lightmap-1_comp_shadowmask.png using Guid(0445f8066522c094d931bcb544411631) Importer(2089858483,934ff659095e30574adcf32a4c2f97b5)  -> (artifact id: 'fdba39aeb2d34f4a2d25ba31c37e5b18') in 0.016536 seconds 
========================================================================
Received Import Request.
  Time since last request: 0.000365 seconds.
  path: Assets/My Project/Scenes/SampleScene/Lightmap-0_comp_light.exr
  artifactKey: Guid(39aa8fe9b3e84e54fb1307444a54589b) Importer(2089858483,934ff659095e30574adcf32a4c2f97b5)
Start importing Assets/My Project/Scenes/SampleScene/Lightmap-0_comp_light.exr using Guid(39aa8fe9b3e84e54fb1307444a54589b) Importer(2089858483,934ff659095e30574adcf32a4c2f97b5)  -> (artifact id: 'e3c534bf5e77822137e4534ef8a91feb') in 0.016901 seconds 
========================================================================
Received Import Request.
  Time since last request: 0.000393 seconds.
  path: Assets/My Project/Scenes/SampleScene/Lightmap-0_comp_dir.png
  artifactKey: Guid(797dc3d914fb83849bea0bea9a65bb11) Importer(2089858483,934ff659095e30574adcf32a4c2f97b5)
Start importing Assets/My Project/Scenes/SampleScene/Lightmap-0_comp_dir.png using Guid(797dc3d914fb83849bea0bea9a65bb11) Importer(2089858483,934ff659095e30574adcf32a4c2f97b5)  -> (artifact id: '8e6fba71bc71c96b49399df3516d1414') in 0.015346 seconds 
========================================================================
Received Import Request.
  Time since last request: 0.000412 seconds.
  path: Assets/My Project/Scenes/SampleScene/Lightmap-0_comp_shadowmask.png
  artifactKey: Guid(46ab52ed427720742aee71f9ef45cc92) Importer(2089858483,934ff659095e30574adcf32a4c2f97b5)
Start importing Assets/My Project/Scenes/SampleScene/Lightmap-0_comp_shadowmask.png using Guid(46ab52ed427720742aee71f9ef45cc92) Importer(2089858483,934ff659095e30574adcf32a4c2f97b5)  -> (artifact id: '98b029a0548d869bc9272d810e9199ee') in 0.013729 seconds 
========================================================================
Received Import Request.
  Time since last request: 66.986120 seconds.
  path: Assets/My Project/Scenes/SampleScene.unity
  artifactKey: Guid(9fc0d4010bbf28b4594072e72b8655ab) Importer(2089858483,934ff659095e30574adcf32a4c2f97b5)
Start importing Assets/My Project/Scenes/SampleScene.unity using Guid(9fc0d4010bbf28b4594072e72b8655ab) Importer(2089858483,934ff659095e30574adcf32a4c2f97b5)  -> (artifact id: 'f2aa64408ceea74302b8767c9a09748e') in 0.010517 seconds 
AssetImportWorkerClient::OnTransportError - code=2 error=End of file
